e:\netframebackend\handysharecli\x64\debug\handysharecli.pch
e:\netframebackend\handysharecli\x64\debug\vc142.pdb
e:\netframebackend\handysharecli\x64\debug\pch.obj
e:\netframebackend\handysharecli\x64\debug\handysharecli.obj
e:\netframebackend\handysharecli\x64\debug\assemblyinfo.obj
e:\netframebackend\handysharecli\x64\debug\.netframework,version=v4.7.2.assemblyattributes.obj
e:\netframebackend\x64\debug\handysharecli.dll
e:\netframebackend\x64\debug\handysharecli.pdb
e:\netframebackend\handysharecli\x64\debug\app.res
e:\netframebackend\handysharecli\x64\debug\handysharecli.vcxproj.assemblyreference.cache
e:\netframebackend\handysharecli\x64\debug\handysharecli.tlog\cl.command.1.tlog
e:\netframebackend\handysharecli\x64\debug\handysharecli.tlog\cl.read.1.tlog
e:\netframebackend\handysharecli\x64\debug\handysharecli.tlog\cl.write.1.tlog
e:\netframebackend\handysharecli\x64\debug\handysharecli.tlog\link.command.1.tlog
e:\netframebackend\handysharecli\x64\debug\handysharecli.tlog\link.read.1.tlog
e:\netframebackend\handysharecli\x64\debug\handysharecli.tlog\link.write.1.tlog
e:\netframebackend\handysharecli\x64\debug\handysharecli.tlog\metagen.read.1.tlog
e:\netframebackend\handysharecli\x64\debug\handysharecli.tlog\metagen.write.1.tlog
e:\netframebackend\handysharecli\x64\debug\handysharecli.tlog\rc.command.1.tlog
e:\netframebackend\handysharecli\x64\debug\handysharecli.tlog\rc.read.1.tlog
e:\netframebackend\handysharecli\x64\debug\handysharecli.tlog\rc.write.1.tlog
