e:\netframebackend\handyshareossstoragecli\release\handyshareossstoragecli.pch
e:\netframebackend\handyshareossstoragecli\release\vc142.pdb
e:\netframebackend\handyshareossstoragecli\release\pch.obj
e:\netframebackend\handyshareossstoragecli\release\handyshareossstoragecli.obj
e:\netframebackend\handyshareossstoragecli\release\assemblyinfo.obj
e:\netframebackend\handyshareossstoragecli\release\.netframework,version=v4.7.2.assemblyattributes.obj
e:\netframebackend\release\handyshareossstoragecli.dll
e:\netframebackend\release\handyshareossstoragecli.pdb
e:\netframebackend\handyshareossstoragecli\release\app.res
e:\netframebackend\handyshareossstoragecli\release\handysha.449a9ade.tlog\cl.command.1.tlog
e:\netframebackend\handyshareossstoragecli\release\handysha.449a9ade.tlog\cl.read.1.tlog
e:\netframebackend\handyshareossstoragecli\release\handysha.449a9ade.tlog\cl.write.1.tlog
e:\netframebackend\handyshareossstoragecli\release\handysha.449a9ade.tlog\link.command.1.tlog
e:\netframebackend\handyshareossstoragecli\release\handysha.449a9ade.tlog\link.read.1.tlog
e:\netframebackend\handyshareossstoragecli\release\handysha.449a9ade.tlog\link.write.1.tlog
e:\netframebackend\handyshareossstoragecli\release\handysha.449a9ade.tlog\metagen.read.1.tlog
e:\netframebackend\handyshareossstoragecli\release\handysha.449a9ade.tlog\metagen.write.1.tlog
e:\netframebackend\handyshareossstoragecli\release\handysha.449a9ade.tlog\rc.command.1.tlog
e:\netframebackend\handyshareossstoragecli\release\handysha.449a9ade.tlog\rc.read.1.tlog
e:\netframebackend\handyshareossstoragecli\release\handysha.449a9ade.tlog\rc.write.1.tlog
