e:\netframebackend\handyshareossstoragecli\x64\debug\handyshareossstoragecli.pch
e:\netframebackend\handyshareossstoragecli\x64\debug\vc142.pdb
e:\netframebackend\handyshareossstoragecli\x64\debug\pch.obj
e:\netframebackend\handyshareossstoragecli\x64\debug\handyshareossstoragecli.obj
e:\netframebackend\handyshareossstoragecli\x64\debug\assemblyinfo.obj
e:\netframebackend\handyshareossstoragecli\x64\debug\.netframework,version=v4.7.2.assemblyattributes.obj
e:\netframebackend\x64\debug\handyshareossstoragecli.dll
e:\netframebackend\x64\debug\handyshareossstoragecli.pdb
e:\netframebackend\handyshareossstoragecli\x64\debug\app.res
e:\netframebackend\handyshareossstoragecli\x64\debug\handysha.449a9ade.tlog\cl.command.1.tlog
e:\netframebackend\handyshareossstoragecli\x64\debug\handysha.449a9ade.tlog\cl.read.1.tlog
e:\netframebackend\handyshareossstoragecli\x64\debug\handysha.449a9ade.tlog\cl.write.1.tlog
e:\netframebackend\handyshareossstoragecli\x64\debug\handysha.449a9ade.tlog\link.command.1.tlog
e:\netframebackend\handyshareossstoragecli\x64\debug\handysha.449a9ade.tlog\link.read.1.tlog
e:\netframebackend\handyshareossstoragecli\x64\debug\handysha.449a9ade.tlog\link.write.1.tlog
e:\netframebackend\handyshareossstoragecli\x64\debug\handysha.449a9ade.tlog\metagen.read.1.tlog
e:\netframebackend\handyshareossstoragecli\x64\debug\handysha.449a9ade.tlog\metagen.write.1.tlog
e:\netframebackend\handyshareossstoragecli\x64\debug\handysha.449a9ade.tlog\rc.command.1.tlog
e:\netframebackend\handyshareossstoragecli\x64\debug\handysha.449a9ade.tlog\rc.read.1.tlog
e:\netframebackend\handyshareossstoragecli\x64\debug\handysha.449a9ade.tlog\rc.write.1.tlog
